C51 COMPILER V9.60.0.0   LED                                                               08/31/2020 22:51:46 PAGE 1   


C51 COMPILER V9.60.0.0, COMPILATION OF MODULE LED
OBJECT MODULE PLACED IN led.OBJ
COMPILER INVOKED BY: D:\Keil_v5\C51\BIN\C51.EXE led.c OPTIMIZE(8,SPEED) BROWSE INCDIR(.\SRC) DEBUG OBJECTEXTEND TABS(2)

line level    source

   1          #include "REG51.h"
   2          #include "oled.h"
   3          
   4          
   5          sbit LED0=P3^0;
   6          sbit LED1=P3^1;
   7          sbit LED2 =P3^2;
   8          sbit LED3 =P3^3;
   9          
  10          void LED_BLINK(void){
  11   1        LED2=~LED2;
  12   1      }
  13              


MODULE INFORMATION:   STATIC OVERLAYABLE
   CODE SIZE        =      3    ----
   CONSTANT SIZE    =   ----    ----
   XDATA SIZE       =   ----    ----
   PDATA SIZE       =   ----    ----
   DATA SIZE        =   ----    ----
   IDATA SIZE       =   ----    ----
   BIT SIZE         =   ----    ----
END OF MODULE INFORMATION.


C51 COMPILATION COMPLETE.  0 WARNING(S),  0 ERROR(S)
