C51 COMPILER V9.60.0.0   UART                                                              09/01/2020 21:24:16 PAGE 1   


C51 COMPILER V9.60.0.0, COMPILATION OF MODULE UART
OBJECT MODULE PLACED IN uart.OBJ
COMPILER INVOKED BY: D:\Keil_v5\C51\BIN\C51.EXE uart.c OPTIMIZE(8,SPEED) BROWSE INCDIR(.\SRC) DEBUG OBJECTEXTEND TABS(2)

line level    source

   1          #include "STC15.h"
   2          
   3          //调试串口
   4          void UartInit(void)   //115200bps@24MHz
   5          {
   6   1        SCON = 0x50;    //8位数据,可变波特率
   7   1        AUXR |= 0x40;   //定时器1时钟为Fosc,即1T
   8   1        AUXR &= 0xFE;   //串口1选择定时器1为波特率发生器
   9   1        TMOD &= 0x0F;   //设定定时器1为16位自动重装方式
  10   1        TL1 = 0xCC;   //设定定时初值
  11   1        TH1 = 0xFF;   //设定定时初值
  12   1        ET1 = 0;    //禁止定时器1中断
  13   1        TR1 = 1;    //启动定时器1
  14   1        
  15   1      }
  16          
  17          /*----------------------------
  18          发送串口数据
  19          ----------------------------*/
  20          void SendData(unsigned char ch)
  21          {
  22   1          SBUF = ch;                 //写数据到UART数据寄存器
  23   1          while(TI == 0);
  24   1          TI = 0;
  25   1      }
  26          
  27          /*----------------------------
  28          发送字符串
  29          ----------------------------*/
  30          void SendString(char *s)
  31          {
  32   1          while (*s)                  //检测字符串结束标志
  33   1          {
  34   2              SendData(*s++);         //发送当前字符
  35   2          }
  36   1      }
  37          
  38          
  39          /******************** IO配置函数 **************************/
  40          void  GPIO_config(void)
  41          {
  42   1        P5M0 = 0;     //设置准双向口
  43   1        P5M1 = 0;
  44   1      }


MODULE INFORMATION:   STATIC OVERLAYABLE
   CODE SIZE        =     74    ----
   CONSTANT SIZE    =   ----    ----
   XDATA SIZE       =   ----    ----
   PDATA SIZE       =   ----    ----
   DATA SIZE        =   ----       3
   IDATA SIZE       =   ----    ----
   BIT SIZE         =   ----    ----
END OF MODULE INFORMATION.

C51 COMPILER V9.60.0.0   UART                                                              09/01/2020 21:24:16 PAGE 2   


C51 COMPILATION COMPLETE.  0 WARNING(S),  0 ERROR(S)
